<?xml version="1.0" encoding="UTF-8"?>
<TestRun id="acb4a93b-ae20-4b5e-830f-9d28fe7a536e" name="bkt@BKT-NB 2012-01-15 14:54:22" runUser="bkt-nb\bkt" xmlns="http://microsoft.com/schemas/VisualStudio/TeamTest/2010">
  <TestSettings name="Local" id="4f23f849-b9af-4c16-b4b3-bde227567a61">
    <Description>These are default test settings for a local test run.</Description>
    <Deployment enabled="false" runDeploymentRoot="bkt_BKT-NB 2012-01-15 14_54_22">
      <DeploymentItem filename="C:\Users\bkt\Desktop\explorer\ExplorerService\DBLibrary\bin\Debug\DBLibrary.dll" />
    </Deployment>
    <Execution>
      <TestTypeSpecific />
      <AgentRule name="Execution Agents">
      </AgentRule>
    </Execution>
  </TestSettings>
  <Times creation="2012-01-15T14:54:22.2144893+02:00" queuing="2012-01-15T14:54:32.2548292+02:00" start="2012-01-15T14:54:33.3948715+02:00" finish="2012-01-15T14:56:09.0399016+02:00" />
  <ResultSummary outcome="Error">
    <Counters total="1" executed="1" error="0" failed="0" timeout="0" aborted="1" inconclusive="0" passedButRunAborted="0" notRunnable="0" notExecuted="0" disconnected="0" warning="0" passed="0" completed="0" inProgress="0" pending="0" />
    <RunInfos>
      <RunInfo computerName="BKT-NB" outcome="Error" timestamp="2012-01-15T14:56:08.9899015+02:00">
        <Text>Test host process exited unexpectedly.</Text>
      </RunInfo>
    </RunInfos>
  </ResultSummary>
  <TestDefinitions>
    <UnitTest name="main" storage="c:\users\bkt\desktop\explorer\explorerservice\explorertest\bin\debug\explorertest.dll" id="3066d2e1-b68e-bd36-c922-ee8a37edd035">
      <Execution id="66c8e48f-d6bd-461c-be67-026221b0ddf2" />
      <TestMethod codeBase="C:/Users/bkt/Desktop/explorer/ExplorerService/ExplorerTest/bin/Debug/ExplorerTest.DLL" adapterTypeName="Microsoft.VisualStudio.TestTools.TestTypes.Unit.UnitTestAdapter, Microsoft.VisualStudio.QualityTools.Tips.UnitTest.Adapter, Version=10.0.0.0, Culture=neutral, PublicKeyToken=b03f5f7f11d50a3a" className="ExplorerTest.UnitTest1, ExplorerTest, Version=1.0.0.0, Culture=neutral, PublicKeyToken=null" name="main" />
    </UnitTest>
  </TestDefinitions>
  <TestLists>
    <TestList name="Results Not in a List" id="8c84fa94-04c1-424b-9868-57a2d4851a1d" />
    <TestList name="All Loaded Results" id="19431567-8539-422a-85d7-44ee4e166bda" />
  </TestLists>
  <TestEntries>
    <TestEntry testId="3066d2e1-b68e-bd36-c922-ee8a37edd035" executionId="66c8e48f-d6bd-461c-be67-026221b0ddf2" testListId="8c84fa94-04c1-424b-9868-57a2d4851a1d" />
  </TestEntries>
  <Results>
    <UnitTestResult executionId="66c8e48f-d6bd-461c-be67-026221b0ddf2" testId="3066d2e1-b68e-bd36-c922-ee8a37edd035" testName="main" computerName="BKT-NB" duration="00:01:34.7570015" startTime="2012-01-15T14:54:34.2429000+02:00" endTime="2012-01-15T14:56:08.9999015+02:00" testType="13cdc9d9-ddb5-4fa4-a97d-d965ccfc6d4b" outcome="Aborted" testListId="8c84fa94-04c1-424b-9868-57a2d4851a1d" relativeResultsDirectory="66c8e48f-d6bd-461c-be67-026221b0ddf2">
    </UnitTestResult>
  </Results>
</TestRun>