<?xml version="1.0" encoding="UTF-8"?>
<TestRun id="a0b37285-7665-41c7-af28-3a01f2373583" name="bkt@BKT-NB 2012-01-15 16:39:08" runUser="bkt-nb\bkt" xmlns="http://microsoft.com/schemas/VisualStudio/TeamTest/2010">
  <TestSettings name="Local" id="4f23f849-b9af-4c16-b4b3-bde227567a61">
    <Description>These are default test settings for a local test run.</Description>
    <Deployment enabled="false" runDeploymentRoot="bkt_BKT-NB 2012-01-15 16_39_08">
      <DeploymentItem filename="C:\Users\bkt\Desktop\explorer\ExplorerService\DBLibrary\bin\Debug\DBLibrary.dll" />
    </Deployment>
    <Execution>
      <TestTypeSpecific />
      <AgentRule name="Execution Agents">
      </AgentRule>
    </Execution>
  </TestSettings>
  <Times creation="2012-01-15T16:39:08.7982018+02:00" queuing="2012-01-15T16:39:14.0073564+02:00" start="2012-01-15T16:39:14.7103782+02:00" finish="2012-01-15T16:42:11.0952872+02:00" />
  <ResultSummary outcome="Error">
    <Counters total="1" executed="1" error="0" failed="0" timeout="0" aborted="1" inconclusive="0" passedButRunAborted="0" notRunnable="0" notExecuted="0" disconnected="0" warning="0" passed="0" completed="0" inProgress="0" pending="0" />
    <RunInfos>
      <RunInfo computerName="BKT-NB" outcome="Error" timestamp="2012-01-15T16:42:11.0872867+02:00">
        <Text>Test host process exited unexpectedly.</Text>
      </RunInfo>
    </RunInfos>
  </ResultSummary>
  <TestDefinitions>
    <UnitTest name="main" storage="c:\users\bkt\desktop\explorer\explorerservice\explorertest\bin\debug\explorertest.dll" id="3066d2e1-b68e-bd36-c922-ee8a37edd035">
      <Execution id="0f043602-36e0-4779-a99a-f1fe9dc856f4" />
      <TestMethod codeBase="C:/Users/bkt/Desktop/explorer/ExplorerService/ExplorerTest/bin/Debug/ExplorerTest.DLL" adapterTypeName="Microsoft.VisualStudio.TestTools.TestTypes.Unit.UnitTestAdapter, Microsoft.VisualStudio.QualityTools.Tips.UnitTest.Adapter, Version=10.0.0.0, Culture=neutral, PublicKeyToken=b03f5f7f11d50a3a" className="ExplorerTest.UnitTest1, ExplorerTest, Version=1.0.0.0, Culture=neutral, PublicKeyToken=null" name="main" />
    </UnitTest>
  </TestDefinitions>
  <TestLists>
    <TestList name="Results Not in a List" id="8c84fa94-04c1-424b-9868-57a2d4851a1d" />
    <TestList name="All Loaded Results" id="19431567-8539-422a-85d7-44ee4e166bda" />
  </TestLists>
  <TestEntries>
    <TestEntry testId="3066d2e1-b68e-bd36-c922-ee8a37edd035" executionId="0f043602-36e0-4779-a99a-f1fe9dc856f4" testListId="8c84fa94-04c1-424b-9868-57a2d4851a1d" />
  </TestEntries>
  <Results>
    <UnitTestResult executionId="0f043602-36e0-4779-a99a-f1fe9dc856f4" testId="3066d2e1-b68e-bd36-c922-ee8a37edd035" testName="main" computerName="BKT-NB" duration="00:02:55.7849082" startTime="2012-01-15T16:39:15.3103790+02:00" endTime="2012-01-15T16:42:11.0952872+02:00" testType="13cdc9d9-ddb5-4fa4-a97d-d965ccfc6d4b" outcome="Aborted" testListId="8c84fa94-04c1-424b-9868-57a2d4851a1d" relativeResultsDirectory="0f043602-36e0-4779-a99a-f1fe9dc856f4">
    </UnitTestResult>
  </Results>
</TestRun>